[0m2021.11.16 19:01:16 INFO  Started: Metals version 0.10.9 in workspace 'C:\Users\lcpla\Documents\motus_scala_project' for client Visual Studio Code 1.62.2.[0m
[0m2021.11.16 19:01:16 INFO  time: initialize in 0.53s[0m
[0m2021.11.16 19:01:17 WARN  Build server is not auto-connectable.[0m
[0m2021.11.16 19:01:19 WARN  no build target for: C:\Users\lcpla\Documents\motus_scala_project\motus.scala[0m
[0m2021.11.16 19:01:23 INFO  no build target: using presentation compiler with only scala-library: 3.1.0[0m
[0m2021.11.16 19:01:29 INFO  time: code lens generation in 8.79s[0m
[0m2021.11.16 19:01:29 INFO  time: code lens generation in 8.8s[0m
[0m2021.11.16 19:06:04 WARN  no build target for: C:\Users\lcpla\Documents\motus_scala_project\motus.scala[0m
nov. 16, 2021 7:06:19 PM org.eclipse.lsp4j.jsonrpc.RemoteEndpoint handleCancellation
AVERTISSEMENT: Unmatched cancel notification for request id 564
[0m2021.11.16 19:06:20 WARN  no build target for: C:\Users\lcpla\Documents\motus_scala_project\motus.scala[0m
[0m2021.11.16 19:08:20 INFO  skipping build import with status 'Requested'[0m
[0m2021.11.16 19:08:21 INFO  shutting down Metals[0m
[0m2021.11.16 19:09:16 INFO  Started: Metals version 0.10.9 in workspace 'C:\Users\lcpla\Documents\ESIEE_DSIA_5101C\motus_scala_project' for client Visual Studio Code 1.62.2.[0m
[0m2021.11.16 19:09:17 INFO  time: initialize in 0.64s[0m
[0m2021.11.16 19:09:17 WARN  Build server is not auto-connectable.[0m
[0m2021.11.16 19:09:17 WARN  no build target for: C:\Users\lcpla\Documents\ESIEE_DSIA_5101C\motus_scala_project\motus.scala[0m
[0m2021.11.16 19:09:22 INFO  no build target: using presentation compiler with only scala-library: 3.1.0[0m
[0m2021.11.16 19:09:26 INFO  time: code lens generation in 7.36s[0m
[0m2021.11.16 19:09:26 INFO  time: code lens generation in 7.36s[0m
[0m2021.11.16 19:37:14 WARN  no build target for: C:\Users\lcpla\Documents\ESIEE_DSIA_5101C\motus_scala_project\motus.scala[0m
[0m2021.11.16 19:37:14 INFO  skipping build import with status 'Requested'[0m
[0m2021.11.16 19:45:27 WARN  no build target for: C:\Users\lcpla\Documents\ESIEE_DSIA_5101C\motus_scala_project\motus.scala[0m
[0m2021.11.16 19:45:27 INFO  skipping build import with status 'Requested'[0m
[0m2021.11.16 19:55:52 WARN  no build target for: C:\Users\lcpla\Documents\ESIEE_DSIA_5101C\motus_scala_project\motus.scala[0m
[0m2021.11.16 19:55:52 INFO  skipping build import with status 'Requested'[0m
[0m2021.11.16 19:56:47 WARN  no build target for: C:\Users\lcpla\Documents\ESIEE_DSIA_5101C\motus_scala_project\motus.scala[0m
[0m2021.11.16 19:56:56 WARN  no build target for: C:\Users\lcpla\Documents\ESIEE_DSIA_5101C\motus_scala_project\motus.scala[0m
[0m2021.11.16 19:56:56 INFO  skipping build import with status 'Requested'[0m
[0m2021.11.16 19:57:40 WARN  no build target for: C:\Users\lcpla\Documents\ESIEE_DSIA_5101C\motus_scala_project\motus.scala[0m
[0m2021.11.16 19:57:40 INFO  skipping build import with status 'Requested'[0m
[0m2021.11.16 20:00:01 WARN  no build target for: C:\Users\lcpla\Documents\ESIEE_DSIA_5101C\motus_scala_project\motus.scala[0m
[0m2021.11.16 20:00:01 INFO  skipping build import with status 'Requested'[0m
[0m2021.11.16 20:01:21 WARN  no build target for: C:\Users\lcpla\Documents\ESIEE_DSIA_5101C\motus_scala_project\motus.scala[0m
[0m2021.11.16 20:01:21 INFO  skipping build import with status 'Requested'[0m
[0m2021.11.16 20:03:08 WARN  no build target for: C:\Users\lcpla\Documents\ESIEE_DSIA_5101C\motus_scala_project\motus.scala[0m
[0m2021.11.16 20:03:08 INFO  skipping build import with status 'Requested'[0m
[0m2021.11.16 20:06:22 WARN  no build target for: C:\Users\lcpla\Documents\ESIEE_DSIA_5101C\motus_scala_project\motus.scala[0m
[0m2021.11.16 20:06:22 INFO  skipping build import with status 'Requested'[0m
[0m2021.11.16 20:08:19 WARN  no build target for: C:\Users\lcpla\Documents\ESIEE_DSIA_5101C\motus_scala_project\motus.scala[0m
[0m2021.11.16 20:08:19 INFO  skipping build import with status 'Requested'[0m
[0m2021.11.16 20:10:19 WARN  no build target for: C:\Users\lcpla\Documents\ESIEE_DSIA_5101C\motus_scala_project\motus.scala[0m
[0m2021.11.16 20:10:19 INFO  skipping build import with status 'Requested'[0m
[0m2021.11.16 20:10:29 WARN  no build target for: C:\Users\lcpla\Documents\ESIEE_DSIA_5101C\motus_scala_project\motus.scala[0m
[0m2021.11.16 20:10:29 INFO  skipping build import with status 'Requested'[0m
[0m2021.11.16 20:13:20 WARN  no build target for: C:\Users\lcpla\Documents\ESIEE_DSIA_5101C\motus_scala_project\motus.scala[0m
[0m2021.11.16 20:13:20 INFO  skipping build import with status 'Requested'[0m
nov. 16, 2021 8:19:09 PM org.eclipse.lsp4j.jsonrpc.RemoteEndpoint handleCancellation
AVERTISSEMENT: Unmatched cancel notification for request id 2939
[0m2021.11.16 20:20:48 WARN  no build target for: C:\Users\lcpla\Documents\ESIEE_DSIA_5101C\motus_scala_project\motus.scala[0m
[0m2021.11.16 20:20:48 INFO  skipping build import with status 'Requested'[0m
[0m2021.11.16 20:41:40 INFO  shutting down Metals[0m
[0m2021.11.16 21:24:12 INFO  Started: Metals version 0.10.9 in workspace 'C:\Users\lcpla\Documents\ESIEE_DSIA_5101C\motus_scala_project' for client Visual Studio Code 1.62.2.[0m
[0m2021.11.16 21:24:13 INFO  time: initialize in 0.6s[0m
[0m2021.11.16 21:24:13 WARN  Build server is not auto-connectable.[0m
[0m2021.11.16 21:24:13 WARN  no build target for: C:\Users\lcpla\Documents\ESIEE_DSIA_5101C\motus_scala_project\motus.scala[0m
[0m2021.11.16 21:24:14 INFO  skipping build import with status 'Requested'[0m
[0m2021.11.16 21:24:17 INFO  no build target: using presentation compiler with only scala-library: 3.1.0[0m
nov. 16, 2021 9:24:20 PM org.eclipse.lsp4j.jsonrpc.RemoteEndpoint handleCancellation
AVERTISSEMENT: Unmatched cancel notification for request id 7
nov. 16, 2021 9:24:20 PM org.eclipse.lsp4j.jsonrpc.RemoteEndpoint handleCancellation
AVERTISSEMENT: Unmatched cancel notification for request id 4
nov. 16, 2021 9:24:20 PM org.eclipse.lsp4j.jsonrpc.RemoteEndpoint handleCancellation
AVERTISSEMENT: Unmatched cancel notification for request id 2
nov. 16, 2021 9:24:20 PM org.eclipse.lsp4j.jsonrpc.RemoteEndpoint handleCancellation
AVERTISSEMENT: Unmatched cancel notification for request id 15
[0m2021.11.16 21:24:23 INFO  time: code lens generation in 1.45s[0m
[0m2021.11.16 21:24:23 INFO  time: code lens generation in 1.47s[0m
[0m2021.11.16 21:24:23 INFO  time: code lens generation in 3.05s[0m
[0m2021.11.16 21:24:23 INFO  time: code lens generation in 3.17s[0m
[0m2021.11.16 21:24:23 INFO  time: code lens generation in 3.07s[0m
[0m2021.11.16 21:24:23 INFO  time: code lens generation in 3.19s[0m
[0m2021.11.16 21:24:43 WARN  no build target for: C:\Users\lcpla\Documents\ESIEE_DSIA_5101C\motus_scala_project\motus.scala[0m
[0m2021.11.16 21:24:43 INFO  skipping build import with status 'Requested'[0m
[0m2021.11.16 21:27:21 WARN  no build target for: C:\Users\lcpla\Documents\ESIEE_DSIA_5101C\motus_scala_project\motus.scala[0m
[0m2021.11.16 21:27:21 INFO  skipping build import with status 'Requested'[0m
[0m2021.11.16 21:27:24 INFO  shutting down Metals[0m
[0m2021.11.17 13:48:45 INFO  Started: Metals version 0.10.9 in workspace 'C:\Users\lcpla\Documents\ESIEE_DSIA_5101C\motus_scala_project' for client Visual Studio Code 1.62.2.[0m
[0m2021.11.17 13:48:46 INFO  time: initialize in 0.56s[0m
[0m2021.11.17 13:48:46 WARN  Build server is not auto-connectable.[0m
[0m2021.11.17 13:48:47 WARN  no build target for: C:\Users\lcpla\Documents\ESIEE_DSIA_5101C\motus_scala_project\motus.scala[0m
[0m2021.11.17 13:48:47 INFO  skipping build import with status 'Requested'[0m
[0m2021.11.17 13:48:50 INFO  no build target: using presentation compiler with only scala-library: 3.1.0[0m
[0m2021.11.17 13:48:54 INFO  time: code lens generation in 6.79s[0m
[0m2021.11.17 13:48:54 INFO  time: code lens generation in 6.8s[0m
[0m2021.11.17 13:49:02 WARN  no build target for: C:\Users\lcpla\Documents\ESIEE_DSIA_5101C\motus_scala_project\motus.scala[0m
[0m2021.11.17 13:49:02 INFO  skipping build import with status 'Requested'[0m
[0m2021.11.17 13:51:31 INFO  shutting down Metals[0m
[0m2021.11.17 15:08:40 INFO  Started: Metals version 0.10.9 in workspace 'C:\Users\lcpla\Documents\ESIEE_DSIA_5101C\motus_scala_project' for client Visual Studio Code 1.62.2.[0m
[0m2021.11.17 15:08:40 INFO  time: initialize in 0.53s[0m
[0m2021.11.17 15:08:41 WARN  Build server is not auto-connectable.[0m
[0m2021.11.17 15:08:41 WARN  no build target for: C:\Users\lcpla\Documents\ESIEE_DSIA_5101C\motus_scala_project\motus.scala[0m
[0m2021.11.17 15:08:41 INFO  skipping build import with status 'Requested'[0m
[0m2021.11.17 15:08:45 INFO  no build target: using presentation compiler with only scala-library: 3.1.0[0m
[0m2021.11.17 15:08:48 WARN  no build target for: C:\Users\lcpla\Documents\ESIEE_DSIA_5101C\motus_scala_project\motus.scala[0m
[0m2021.11.17 15:08:48 INFO  skipping build import with status 'Requested'[0m
[0m2021.11.17 15:08:50 INFO  time: code lens generation in 1.94s[0m
[0m2021.11.17 15:08:50 INFO  time: code lens generation in 1.92s[0m
[0m2021.11.17 15:08:50 INFO  time: code lens generation in 2.92s[0m
[0m2021.11.17 15:08:50 INFO  time: code lens generation in 2.93s[0m
[0m2021.11.17 15:08:50 INFO  time: code lens generation in 8.93s[0m
[0m2021.11.17 15:08:50 INFO  time: code lens generation in 3.45s[0m
[0m2021.11.17 15:08:50 INFO  time: code lens generation in 3.47s[0m
[0m2021.11.17 15:08:50 INFO  time: code lens generation in 8.94s[0m
[0m2021.11.17 15:09:12 WARN  no build target for: C:\Users\lcpla\Documents\ESIEE_DSIA_5101C\motus_scala_project\motus.scala[0m
[0m2021.11.17 15:09:12 INFO  skipping build import with status 'Requested'[0m
[0m2021.11.17 15:38:02 WARN  no build target for: C:\Users\lcpla\Documents\ESIEE_DSIA_5101C\motus_scala_project\motus.scala[0m
[0m2021.11.17 15:38:02 INFO  skipping build import with status 'Requested'[0m
[0m2021.11.17 15:38:37 WARN  no build target for: C:\Users\lcpla\Documents\ESIEE_DSIA_5101C\motus_scala_project\motus.scala[0m
[0m2021.11.17 15:38:37 INFO  skipping build import with status 'Requested'[0m
[0m2021.11.17 15:44:49 WARN  no build target for: C:\Users\lcpla\Documents\ESIEE_DSIA_5101C\motus_scala_project\motus.scala[0m
[0m2021.11.17 15:44:49 INFO  skipping build import with status 'Requested'[0m
[0m2021.11.17 15:47:04 WARN  no build target for: C:\Users\lcpla\Documents\ESIEE_DSIA_5101C\motus_scala_project\motus.scala[0m
[0m2021.11.17 15:47:04 INFO  skipping build import with status 'Requested'[0m
[0m2021.11.17 15:48:03 WARN  no build target for: C:\Users\lcpla\Documents\ESIEE_DSIA_5101C\motus_scala_project\motus.scala[0m
[0m2021.11.17 15:48:04 INFO  skipping build import with status 'Requested'[0m
[0m2021.11.17 15:48:49 WARN  no build target for: C:\Users\lcpla\Documents\ESIEE_DSIA_5101C\motus_scala_project\motus.scala[0m
[0m2021.11.17 15:48:49 INFO  skipping build import with status 'Requested'[0m
[0m2021.11.17 15:48:55 WARN  no build target for: C:\Users\lcpla\Documents\ESIEE_DSIA_5101C\motus_scala_project\motus.scala[0m
[0m2021.11.17 15:48:55 INFO  skipping build import with status 'Requested'[0m
[0m2021.11.17 15:51:13 WARN  no build target for: C:\Users\lcpla\Documents\ESIEE_DSIA_5101C\motus_scala_project\motus.scala[0m
[0m2021.11.17 15:51:13 INFO  skipping build import with status 'Requested'[0m
[0m2021.11.17 15:51:23 WARN  no build target for: C:\Users\lcpla\Documents\ESIEE_DSIA_5101C\motus_scala_project\motus.scala[0m
[0m2021.11.17 15:51:23 INFO  skipping build import with status 'Requested'[0m
[0m2021.11.17 15:52:32 WARN  no build target for: C:\Users\lcpla\Documents\ESIEE_DSIA_5101C\motus_scala_project\motus.scala[0m
[0m2021.11.17 15:52:32 INFO  skipping build import with status 'Requested'[0m
[0m2021.11.17 15:54:11 WARN  no build target for: C:\Users\lcpla\Documents\ESIEE_DSIA_5101C\motus_scala_project\motus.scala[0m
[0m2021.11.17 15:54:11 INFO  skipping build import with status 'Requested'[0m
[0m2021.11.17 15:55:17 WARN  no build target for: C:\Users\lcpla\Documents\ESIEE_DSIA_5101C\motus_scala_project\motus.scala[0m
[0m2021.11.17 15:55:17 INFO  skipping build import with status 'Requested'[0m
[0m2021.11.17 15:59:52 WARN  no build target for: C:\Users\lcpla\Documents\ESIEE_DSIA_5101C\motus_scala_project\motus.scala[0m
[0m2021.11.17 15:59:52 INFO  skipping build import with status 'Requested'[0m
[0m2021.11.17 16:00:43 WARN  no build target for: C:\Users\lcpla\Documents\ESIEE_DSIA_5101C\motus_scala_project\motus.scala[0m
[0m2021.11.17 16:00:43 INFO  skipping build import with status 'Requested'[0m
[0m2021.11.17 16:10:43 WARN  no build target for: C:\Users\lcpla\Documents\ESIEE_DSIA_5101C\motus_scala_project\motus.scala[0m
[0m2021.11.17 16:10:43 INFO  skipping build import with status 'Requested'[0m
[0m2021.11.17 16:10:56 WARN  no build target for: C:\Users\lcpla\Documents\ESIEE_DSIA_5101C\motus_scala_project\motus.scala[0m
[0m2021.11.17 16:10:56 INFO  skipping build import with status 'Requested'[0m
[0m2021.11.17 16:11:58 WARN  no build target for: C:\Users\lcpla\Documents\ESIEE_DSIA_5101C\motus_scala_project\motus.scala[0m
[0m2021.11.17 16:11:58 INFO  skipping build import with status 'Requested'[0m
[0m2021.11.17 16:13:16 WARN  no build target for: C:\Users\lcpla\Documents\ESIEE_DSIA_5101C\motus_scala_project\motus.scala[0m
[0m2021.11.17 16:13:16 INFO  skipping build import with status 'Requested'[0m
[0m2021.11.17 16:13:32 WARN  no build target for: C:\Users\lcpla\Documents\ESIEE_DSIA_5101C\motus_scala_project\motus.scala[0m
[0m2021.11.17 16:13:32 INFO  skipping build import with status 'Requested'[0m
[0m2021.11.17 16:15:13 WARN  no build target for: C:\Users\lcpla\Documents\ESIEE_DSIA_5101C\motus_scala_project\motus.scala[0m
[0m2021.11.17 16:15:13 INFO  skipping build import with status 'Requested'[0m
[0m2021.11.17 16:15:46 WARN  no build target for: C:\Users\lcpla\Documents\ESIEE_DSIA_5101C\motus_scala_project\motus.scala[0m
[0m2021.11.17 16:15:46 INFO  skipping build import with status 'Requested'[0m
[0m2021.11.17 16:16:06 WARN  no build target for: C:\Users\lcpla\Documents\ESIEE_DSIA_5101C\motus_scala_project\motus.scala[0m
[0m2021.11.17 16:16:06 INFO  skipping build import with status 'Requested'[0m
[0m2021.11.17 16:16:58 WARN  no build target for: C:\Users\lcpla\Documents\ESIEE_DSIA_5101C\motus_scala_project\motus.scala[0m
[0m2021.11.17 16:16:58 INFO  skipping build import with status 'Requested'[0m
[0m2021.11.17 16:18:08 WARN  no build target for: C:\Users\lcpla\Documents\ESIEE_DSIA_5101C\motus_scala_project\motus.scala[0m
[0m2021.11.17 16:18:08 INFO  skipping build import with status 'Requested'[0m
[0m2021.11.17 16:21:22 WARN  no build target for: C:\Users\lcpla\Documents\ESIEE_DSIA_5101C\motus_scala_project\motus.scala[0m
[0m2021.11.17 16:21:22 INFO  skipping build import with status 'Requested'[0m
[0m2021.11.17 16:22:11 WARN  no build target for: C:\Users\lcpla\Documents\ESIEE_DSIA_5101C\motus_scala_project\motus.scala[0m
[0m2021.11.17 16:22:16 WARN  no build target for: C:\Users\lcpla\Documents\ESIEE_DSIA_5101C\motus_scala_project\motus.scala[0m
[0m2021.11.17 16:22:16 INFO  skipping build import with status 'Requested'[0m
[0m2021.11.17 16:22:55 WARN  no build target for: C:\Users\lcpla\Documents\ESIEE_DSIA_5101C\motus_scala_project\motus.scala[0m
[0m2021.11.17 16:22:55 INFO  skipping build import with status 'Requested'[0m
[0m2021.11.17 16:23:11 WARN  no build target for: C:\Users\lcpla\Documents\ESIEE_DSIA_5101C\motus_scala_project\motus.scala[0m
[0m2021.11.17 16:23:11 INFO  skipping build import with status 'Requested'[0m
[0m2021.11.17 16:23:41 WARN  no build target for: C:\Users\lcpla\Documents\ESIEE_DSIA_5101C\motus_scala_project\motus.scala[0m
[0m2021.11.17 16:23:41 INFO  skipping build import with status 'Requested'[0m
[0m2021.11.17 16:24:50 WARN  no build target for: C:\Users\lcpla\Documents\ESIEE_DSIA_5101C\motus_scala_project\motus.scala[0m
[0m2021.11.17 16:24:50 INFO  skipping build import with status 'Requested'[0m
